#
# There is insufficient memory for the Java Runtime Environment to continue.
# Native memory allocation (malloc) failed to allocate 1763216 bytes for Chunk::new
# Possible reasons:
#   The system is out of physical RAM or swap space
#   The process is running with CompressedOops enabled, and the Java Heap may be blocking the growth of the native heap
# Possible solutions:
#   Reduce memory load on the system
#   Increase physical memory or swap space
#   Check if swap backing store is full
#   Decrease Java heap size (-Xmx/-Xms)
#   Decrease number of Java threads
#   Decrease Java thread stack sizes (-Xss)
#   Set larger code cache with -XX:ReservedCodeCacheSize=
#   JVM is running with Unscaled Compressed Oops mode in which the Java heap is
#     placed in the first 4GB address space. The Java Heap base address is the
#     maximum limit for the native heap growth. Please use -XX:HeapBaseMinAddress
#     to set the Java Heap base and to place the Java Heap above 4GB virtual address.
# This output file may be truncated or incomplete.
#
#  Out of Memory Error (arena.cpp:189), pid=13780, tid=8152
#
# JRE version: OpenJDK Runtime Environment Temurin-17+35 (17.0+35) (build 17+35)
# Java VM: OpenJDK 64-Bit Server VM Temurin-17+35 (17+35, mixed mode, sharing, tiered, compressed oops, compressed class ptrs, g1 gc, windows-amd64)
# No core dump will be written. Minidumps are not enabled by default on client versions of Windows
#

---------------  S U M M A R Y ------------

Command Line: -javaagent:C:\Program Files\JetBrains\IntelliJ IDEA Community Edition 2021.2.2\lib\idea_rt.jar=49334:C:\Program Files\JetBrains\IntelliJ IDEA Community Edition 2021.2.2\bin -Dfile.encoding=UTF-8 com.example.finalProject.FinalProjectApplication

Host: AMD Ryzen 3 1300X Quad-Core Processor          , 4 cores, 7G,  Windows 10 , 64 bit Build 19041 (10.0.19041.1865)
Time: Sat Aug  6 22:44:02 2022 FLE vasaros / 64 bit Build 19041 (10.0.19041.1865) elapsed time: 3227.793597 seconds (0d 0h 53m 47s)

---------------  T H R E A D  ---------------

Current thread (0x00000293eb8efe80):  JavaThread "C2 CompilerThread0" daemon [_thread_in_native, id=8152, stack(0x000000b8cc000000,0x000000b8cc100000)]


Current CompileTask:
C2:3227793 11131   !   4       org.hibernate.engine.transaction.internal.TransactionImpl::commit (54 bytes)

Stack: [0x000000b8cc000000,0x000000b8cc100000]
Native frames: (J=compiled Java code, j=interpreted, Vv=VM code, C=native code)
V  [jvm.dll+0x674afa]
V  [jvm.dll+0x82eb44]
V  [jvm.dll+0x8302ee]
V  [jvm.dll+0x830953]
V  [jvm.dll+0x245335]
V  [jvm.dll+0xab52b]
V  [jvm.dll+0xababc]
V  [jvm.dll+0x3632a2]
V  [jvm.dll+0x32d6c1]
V  [jvm.dll+0x32cb6a]
V  [jvm.dll+0x2181f1]
V  [jvm.dll+0x217611]
V  [jvm.dll+0x1a356d]
V  [jvm.dll+0x226ff8]
V  [jvm.dll+0x22513c]
V  [jvm.dll+0x7e47fb]
V  [jvm.dll+0x7dedba]
V  [jvm.dll+0x673925]
C  [ucrtbase.dll+0x21bb2]
C  [KERNEL32.DLL+0x17034]
C  [ntdll.dll+0x52651]


---------------  P R O C E S S  ---------------

Threads class SMR info:
_java_thread_list=0x00000293efaa1e70, length=29, elements={
0x00000293eb8cee80, 0x00000293eb8cfcf0, 0x00000293eb8e9500, 0x00000293eb8eaec0,
0x00000293eb8eb870, 0x00000293eb8ec9c0, 0x00000293eb8efe80, 0x00000293eb8fa5d0,
0x00000293eb8fb6b0, 0x00000293ec48f4a0, 0x00000293ec637450, 0x00000293ec88d030,
0x00000293ef608060, 0x00000293ef608530, 0x00000293ef608a00, 0x00000293ef608ed0,
0x00000293f13478b0, 0x00000293f134a8d0, 0x00000293f1348250, 0x00000293f1347d80,
0x00000293f1349a60, 0x00000293f1345700, 0x00000293f13473e0, 0x00000293f13443c0,
0x00000293f13490c0, 0x00000293f1345230, 0x00000293f1346a40, 0x00000293f1348720,
0x00000293f1344890
}

Java Threads: ( => current thread )
  0x00000293eb8cee80 JavaThread "Reference Handler" daemon [_thread_blocked, id=15084, stack(0x000000b8cba00000,0x000000b8cbb00000)]
  0x00000293eb8cfcf0 JavaThread "Finalizer" daemon [_thread_blocked, id=3612, stack(0x000000b8cbb00000,0x000000b8cbc00000)]
  0x00000293eb8e9500 JavaThread "Signal Dispatcher" daemon [_thread_blocked, id=14672, stack(0x000000b8cbc00000,0x000000b8cbd00000)]
  0x00000293eb8eaec0 JavaThread "Attach Listener" daemon [_thread_blocked, id=10196, stack(0x000000b8cbd00000,0x000000b8cbe00000)]
  0x00000293eb8eb870 JavaThread "Service Thread" daemon [_thread_blocked, id=5876, stack(0x000000b8cbe00000,0x000000b8cbf00000)]
  0x00000293eb8ec9c0 JavaThread "Monitor Deflation Thread" daemon [_thread_blocked, id=15340, stack(0x000000b8cbf00000,0x000000b8cc000000)]
=>0x00000293eb8efe80 JavaThread "C2 CompilerThread0" daemon [_thread_in_native, id=8152, stack(0x000000b8cc000000,0x000000b8cc100000)]
  0x00000293eb8fa5d0 JavaThread "C1 CompilerThread0" daemon [_thread_blocked, id=1740, stack(0x000000b8cc100000,0x000000b8cc200000)]
  0x00000293eb8fb6b0 JavaThread "Sweeper thread" daemon [_thread_blocked, id=14652, stack(0x000000b8cc200000,0x000000b8cc300000)]
  0x00000293ec48f4a0 JavaThread "Common-Cleaner" daemon [_thread_blocked, id=14528, stack(0x000000b8cc300000,0x000000b8cc400000)]
  0x00000293ec637450 JavaThread "Monitor Ctrl-Break" daemon [_thread_in_native, id=12672, stack(0x000000b8cc400000,0x000000b8cc500000)]
  0x00000293ec88d030 JavaThread "Notification Thread" daemon [_thread_blocked, id=11252, stack(0x000000b8cc500000,0x000000b8cc600000)]
  0x00000293ef608060 JavaThread "HikariPool-1 housekeeper" daemon [_thread_blocked, id=7220, stack(0x000000b8ccc00000,0x000000b8ccd00000)]
  0x00000293ef608530 JavaThread "Catalina-utility-1" [_thread_blocked, id=8656, stack(0x000000b8ccd00000,0x000000b8cce00000)]
  0x00000293ef608a00 JavaThread "Catalina-utility-2" [_thread_blocked, id=13188, stack(0x000000b8cce00000,0x000000b8ccf00000)]
  0x00000293ef608ed0 JavaThread "container-0" [_thread_blocked, id=11888, stack(0x000000b8ccf00000,0x000000b8cd000000)]
  0x00000293f13478b0 JavaThread "http-nio-8080-exec-1" daemon [_thread_blocked, id=5576, stack(0x000000b8cd100000,0x000000b8cd200000)]
  0x00000293f134a8d0 JavaThread "http-nio-8080-exec-2" daemon [_thread_blocked, id=1544, stack(0x000000b8cd200000,0x000000b8cd300000)]
  0x00000293f1348250 JavaThread "http-nio-8080-exec-3" daemon [_thread_blocked, id=2380, stack(0x000000b8cd300000,0x000000b8cd400000)]
  0x00000293f1347d80 JavaThread "http-nio-8080-exec-4" daemon [_thread_blocked, id=7716, stack(0x000000b8cd400000,0x000000b8cd500000)]
  0x00000293f1349a60 JavaThread "http-nio-8080-exec-5" daemon [_thread_blocked, id=12292, stack(0x000000b8cd500000,0x000000b8cd600000)]
  0x00000293f1345700 JavaThread "http-nio-8080-exec-6" daemon [_thread_blocked, id=6388, stack(0x000000b8cd600000,0x000000b8cd700000)]
  0x00000293f13473e0 JavaThread "http-nio-8080-exec-7" daemon [_thread_blocked, id=7304, stack(0x000000b8cd700000,0x000000b8cd800000)]
  0x00000293f13443c0 JavaThread "http-nio-8080-exec-8" daemon [_thread_blocked, id=6968, stack(0x000000b8cd800000,0x000000b8cd900000)]
  0x00000293f13490c0 JavaThread "http-nio-8080-exec-9" daemon [_thread_blocked, id=11036, stack(0x000000b8cd900000,0x000000b8cda00000)]
  0x00000293f1345230 JavaThread "http-nio-8080-exec-10" daemon [_thread_blocked, id=4368, stack(0x000000b8cda00000,0x000000b8cdb00000)]
  0x00000293f1346a40 JavaThread "http-nio-8080-Poller" daemon [_thread_in_native, id=11104, stack(0x000000b8cdb00000,0x000000b8cdc00000)]
  0x00000293f1348720 JavaThread "http-nio-8080-Acceptor" daemon [_thread_in_native, id=4336, stack(0x000000b8cdc00000,0x000000b8cdd00000)]
  0x00000293f1344890 JavaThread "DestroyJavaVM" [_thread_blocked, id=8344, stack(0x000000b8cb300000,0x000000b8cb400000)]

Other Threads:
  0x00000293eb8c7210 VMThread "VM Thread" [stack: 0x000000b8cb900000,0x000000b8cba00000] [id=12612]
  0x00000293ec7d73e0 WatcherThread [stack: 0x000000b8cc600000,0x000000b8cc700000] [id=14108]
  0x00000293cbcee7c0 GCTaskThread "GC Thread#0" [stack: 0x000000b8cb400000,0x000000b8cb500000] [id=10828]
  0x00000293eca06ed0 GCTaskThread "GC Thread#1" [stack: 0x000000b8cc700000,0x000000b8cc800000] [id=9060]
  0x00000293ecb86c00 GCTaskThread "GC Thread#2" [stack: 0x000000b8cc800000,0x000000b8cc900000] [id=9584]
  0x00000293ecc38770 GCTaskThread "GC Thread#3" [stack: 0x000000b8cc900000,0x000000b8cca00000] [id=13840]
  0x00000293cde6ae50 ConcurrentGCThread "G1 Main Marker" [stack: 0x000000b8cb500000,0x000000b8cb600000] [id=7344]
  0x00000293cde6c680 ConcurrentGCThread "G1 Conc#0" [stack: 0x000000b8cb600000,0x000000b8cb700000] [id=15280]
  0x00000293cdee1d50 ConcurrentGCThread "G1 Refine#0" [stack: 0x000000b8cb700000,0x000000b8cb800000] [id=12836]
  0x00000293ecd08500 ConcurrentGCThread "G1 Refine#1" [stack: 0x000000b8cca00000,0x000000b8ccb00000] [id=9056]
  0x00000293cdee2770 ConcurrentGCThread "G1 Service" [stack: 0x000000b8cb800000,0x000000b8cb900000] [id=1428]

Threads with active compile tasks:
C2 CompilerThread0  3227843 11131   !   4       org.hibernate.engine.transaction.internal.TransactionImpl::commit (54 bytes)

VM state: not at safepoint (normal execution)

VM Mutex/Monitor currently owned by a thread: None

Heap address: 0x0000000081000000, size: 2032 MB, Compressed Oops mode: 32-bit

CDS archive(s) mapped at: [0x0000000800000000-0x0000000800bc0000-0x0000000800bc0000), size 12320768, SharedBaseAddress: 0x0000000800000000, ArchiveRelocationMode: 0.
Compressed class space mapped at: 0x0000000800c00000-0x0000000840c00000, reserved size: 1073741824
Narrow klass base: 0x0000000800000000, Narrow klass shift: 0, Narrow klass range: 0x100000000

GC Precious Log:
 CPUs: 4 total, 4 available
 Memory: 8123M
 Large Page Support: Disabled
 NUMA Support: Disabled
 Compressed Oops: Enabled (32-bit)
 Heap Region Size: 1M
 Heap Min Capacity: 8M
 Heap Initial Capacity: 128M
 Heap Max Capacity: 2032M
 Pre-touch: Disabled
 Parallel Workers: 4
 Concurrent Workers: 1
 Concurrent Refinement Workers: 4
 Periodic GC: Disabled

Heap:
 garbage-first heap   total 78848K, used 53397K [0x0000000081000000, 0x0000000100000000)
  region size 1024K, 27 young (27648K), 1 survivors (1024K)
 Metaspace       used 66781K, committed 67264K, reserved 1114112K
  class space    used 8372K, committed 8640K, reserved 1048576K

Heap Regions: E=young(eden), S=young(survivor), O=old, HS=humongous(starts), HC=humongous(continues), CS=collection set, F=free, OA=open archive, CA=closed archive, TAMS=top-at-mark-start (previous, next)
|   0|0x0000000081000000, 0x0000000081100000, 0x0000000081100000|100%|HS|  |TAMS 0x0000000081100000, 0x0000000081000000| Complete 
|   1|0x0000000081100000, 0x0000000081200000, 0x0000000081200000|100%| O|  |TAMS 0x0000000081200000, 0x0000000081100000| Untracked 
|   2|0x0000000081200000, 0x0000000081300000, 0x0000000081300000|100%| O|  |TAMS 0x0000000081300000, 0x0000000081200000| Untracked 
|   3|0x0000000081300000, 0x0000000081400000, 0x0000000081400000|100%| O|  |TAMS 0x0000000081400000, 0x0000000081300000| Untracked 
|   4|0x0000000081400000, 0x0000000081500000, 0x0000000081500000|100%| O|  |TAMS 0x0000000081500000, 0x0000000081400000| Untracked 
|   5|0x0000000081500000, 0x0000000081600000, 0x0000000081600000|100%| O|  |TAMS 0x0000000081600000, 0x0000000081500000| Untracked 
|   6|0x0000000081600000, 0x0000000081700000, 0x0000000081700000|100%| O|  |TAMS 0x0000000081700000, 0x0000000081600000| Untracked 
|   7|0x0000000081700000, 0x0000000081800000, 0x0000000081800000|100%| O|  |TAMS 0x0000000081800000, 0x0000000081700000| Untracked 
|   8|0x0000000081800000, 0x0000000081900000, 0x0000000081900000|100%| O|  |TAMS 0x0000000081900000, 0x0000000081800000| Untracked 
|   9|0x0000000081900000, 0x0000000081a00000, 0x0000000081a00000|100%| O|  |TAMS 0x0000000081a00000, 0x0000000081900000| Untracked 
|  10|0x0000000081a00000, 0x0000000081b00000, 0x0000000081b00000|100%| O|  |TAMS 0x0000000081b00000, 0x0000000081a00000| Untracked 
|  11|0x0000000081b00000, 0x0000000081c00000, 0x0000000081c00000|100%| O|  |TAMS 0x0000000081c00000, 0x0000000081b00000| Untracked 
|  12|0x0000000081c00000, 0x0000000081d00000, 0x0000000081d00000|100%| O|  |TAMS 0x0000000081d00000, 0x0000000081c00000| Untracked 
|  13|0x0000000081d00000, 0x0000000081e00000, 0x0000000081e00000|100%| O|  |TAMS 0x0000000081dd3600, 0x0000000081d00000| Untracked 
|  14|0x0000000081e00000, 0x0000000081f00000, 0x0000000081f00000|100%| O|  |TAMS 0x0000000081f00000, 0x0000000081e00000| Untracked 
|  15|0x0000000081f00000, 0x0000000082000000, 0x0000000082000000|100%| O|  |TAMS 0x0000000082000000, 0x0000000081f00000| Untracked 
|  16|0x0000000082000000, 0x0000000082100000, 0x0000000082100000|100%| O|  |TAMS 0x0000000082100000, 0x0000000082000000| Untracked 
|  17|0x0000000082100000, 0x00000000821fea00, 0x0000000082200000| 99%| O|  |TAMS 0x0000000082100000, 0x0000000082100000| Untracked 
|  18|0x0000000082200000, 0x0000000082200000, 0x0000000082300000|  0%| F|  |TAMS 0x0000000082200000, 0x0000000082200000| Untracked 
|  19|0x0000000082300000, 0x0000000082400000, 0x0000000082400000|100%| O|  |TAMS 0x0000000082400000, 0x0000000082300000| Untracked 
|  20|0x0000000082400000, 0x0000000082500000, 0x0000000082500000|100%| O|  |TAMS 0x0000000082500000, 0x0000000082400000| Untracked 
|  21|0x0000000082500000, 0x0000000082500000, 0x0000000082600000|  0%| F|  |TAMS 0x0000000082500000, 0x0000000082500000| Untracked 
|  22|0x0000000082600000, 0x0000000082700000, 0x0000000082700000|100%| O|  |TAMS 0x0000000082700000, 0x0000000082600000| Untracked 
|  23|0x0000000082700000, 0x0000000082800000, 0x0000000082800000|100%| O|  |TAMS 0x0000000082800000, 0x0000000082700000| Untracked 
|  24|0x0000000082800000, 0x0000000082800000, 0x0000000082900000|  0%| F|  |TAMS 0x0000000082800000, 0x0000000082800000| Untracked 
|  25|0x0000000082900000, 0x0000000082a00000, 0x0000000082a00000|100%| O|  |TAMS 0x0000000082a00000, 0x0000000082900000| Untracked 
|  26|0x0000000082a00000, 0x0000000082a00000, 0x0000000082b00000|  0%| F|  |TAMS 0x0000000082a00000, 0x0000000082a00000| Untracked 
|  27|0x0000000082b00000, 0x0000000082c00000, 0x0000000082c00000|100%| O|  |TAMS 0x0000000082c00000, 0x0000000082b00000| Untracked 
|  28|0x0000000082c00000, 0x0000000082d00000, 0x0000000082d00000|100%| O|  |TAMS 0x0000000082d00000, 0x0000000082c00000| Untracked 
|  29|0x0000000082d00000, 0x0000000082e00000, 0x0000000082e00000|100%| O|  |TAMS 0x0000000082e00000, 0x0000000082d00000| Untracked 
|  30|0x0000000082e00000, 0x0000000082f00000, 0x0000000082f00000|100%| O|  |TAMS 0x0000000082f00000, 0x0000000082e00000| Untracked 
|  31|0x0000000082f00000, 0x0000000082f00000, 0x0000000083000000|  0%| F|  |TAMS 0x0000000082f00000, 0x0000000082f00000| Untracked 
|  32|0x0000000083000000, 0x0000000083000000, 0x0000000083100000|  0%| F|  |TAMS 0x0000000083000000, 0x0000000083000000| Untracked 
|  33|0x0000000083100000, 0x0000000083100000, 0x0000000083200000|  0%| F|  |TAMS 0x0000000083100000, 0x0000000083100000| Untracked 
|  34|0x0000000083200000, 0x0000000083200000, 0x0000000083300000|  0%| F|  |TAMS 0x0000000083200000, 0x0000000083200000| Untracked 
|  35|0x0000000083300000, 0x0000000083300000, 0x0000000083400000|  0%| F|  |TAMS 0x0000000083300000, 0x0000000083300000| Untracked 
|  36|0x0000000083400000, 0x0000000083426da8, 0x0000000083500000| 15%| S|CS|TAMS 0x0000000083400000, 0x0000000083400000| Complete 
|  37|0x0000000083500000, 0x0000000083500000, 0x0000000083600000|  0%| F|  |TAMS 0x0000000083500000, 0x0000000083500000| Untracked 
|  38|0x0000000083600000, 0x0000000083600000, 0x0000000083700000|  0%| F|  |TAMS 0x0000000083600000, 0x0000000083600000| Untracked 
|  39|0x0000000083700000, 0x0000000083700000, 0x0000000083800000|  0%| F|  |TAMS 0x0000000083700000, 0x0000000083700000| Untracked 
|  40|0x0000000083800000, 0x0000000083800000, 0x0000000083900000|  0%| F|  |TAMS 0x0000000083800000, 0x0000000083800000| Untracked 
|  41|0x0000000083900000, 0x0000000083900000, 0x0000000083a00000|  0%| F|  |TAMS 0x0000000083900000, 0x0000000083900000| Untracked 
|  42|0x0000000083a00000, 0x0000000083a00000, 0x0000000083b00000|  0%| F|  |TAMS 0x0000000083a00000, 0x0000000083a00000| Untracked 
|  43|0x0000000083b00000, 0x0000000083b00000, 0x0000000083c00000|  0%| F|  |TAMS 0x0000000083b00000, 0x0000000083b00000| Untracked 
|  44|0x0000000083c00000, 0x0000000083c00000, 0x0000000083d00000|  0%| F|  |TAMS 0x0000000083c00000, 0x0000000083c00000| Untracked 
|  45|0x0000000083d00000, 0x0000000083d00000, 0x0000000083e00000|  0%| F|  |TAMS 0x0000000083d00000, 0x0000000083d00000| Untracked 
|  46|0x0000000083e00000, 0x0000000083e00000, 0x0000000083f00000|  0%| F|  |TAMS 0x0000000083e00000, 0x0000000083e00000| Untracked 
|  47|0x0000000083f00000, 0x0000000083f00000, 0x0000000084000000|  0%| F|  |TAMS 0x0000000083f00000, 0x0000000083f00000| Untracked 
|  48|0x0000000084000000, 0x0000000084000000, 0x0000000084100000|  0%| F|  |TAMS 0x0000000084000000, 0x0000000084000000| Untracked 
|  49|0x0000000084100000, 0x0000000084100000, 0x0000000084200000|  0%| F|  |TAMS 0x0000000084100000, 0x0000000084100000| Untracked 
|  50|0x0000000084200000, 0x0000000084200000, 0x0000000084300000|  0%| F|  |TAMS 0x0000000084200000, 0x0000000084200000| Untracked 
|  51|0x0000000084300000, 0x00000000843b4838, 0x0000000084400000| 70%| E|  |TAMS 0x0000000084300000, 0x0000000084300000| Complete 
|  52|0x0000000084400000, 0x0000000084500000, 0x0000000084500000|100%| E|CS|TAMS 0x0000000084400000, 0x0000000084400000| Complete 
|  53|0x0000000084500000, 0x0000000084600000, 0x0000000084600000|100%| E|CS|TAMS 0x0000000084500000, 0x0000000084500000| Complete 
|  54|0x0000000084600000, 0x0000000084700000, 0x0000000084700000|100%| E|CS|TAMS 0x0000000084600000, 0x0000000084600000| Complete 
|  55|0x0000000084700000, 0x0000000084800000, 0x0000000084800000|100%| E|CS|TAMS 0x0000000084700000, 0x0000000084700000| Complete 
|  56|0x0000000084800000, 0x0000000084900000, 0x0000000084900000|100%| E|CS|TAMS 0x0000000084800000, 0x0000000084800000| Complete 
|  57|0x0000000084900000, 0x0000000084a00000, 0x0000000084a00000|100%| E|CS|TAMS 0x0000000084900000, 0x0000000084900000| Complete 
|  58|0x0000000084a00000, 0x0000000084b00000, 0x0000000084b00000|100%| E|CS|TAMS 0x0000000084a00000, 0x0000000084a00000| Complete 
|  59|0x0000000084b00000, 0x0000000084c00000, 0x0000000084c00000|100%| E|CS|TAMS 0x0000000084b00000, 0x0000000084b00000| Complete 
|  60|0x0000000084c00000, 0x0000000084d00000, 0x0000000084d00000|100%| E|CS|TAMS 0x0000000084c00000, 0x0000000084c00000| Complete 
|  61|0x0000000084d00000, 0x0000000084e00000, 0x0000000084e00000|100%| E|CS|TAMS 0x0000000084d00000, 0x0000000084d00000| Complete 
|  62|0x0000000084e00000, 0x0000000084f00000, 0x0000000084f00000|100%| E|CS|TAMS 0x0000000084e00000, 0x0000000084e00000| Complete 
|  63|0x0000000084f00000, 0x0000000085000000, 0x0000000085000000|100%| E|CS|TAMS 0x0000000084f00000, 0x0000000084f00000| Complete 
|  64|0x0000000085000000, 0x0000000085100000, 0x0000000085100000|100%| E|CS|TAMS 0x0000000085000000, 0x0000000085000000| Complete 
|  65|0x0000000085100000, 0x0000000085200000, 0x0000000085200000|100%| E|CS|TAMS 0x0000000085100000, 0x0000000085100000| Complete 
|  66|0x0000000085200000, 0x0000000085300000, 0x0000000085300000|100%| E|CS|TAMS 0x0000000085200000, 0x0000000085200000| Complete 
|  67|0x0000000085300000, 0x0000000085400000, 0x0000000085400000|100%| E|CS|TAMS 0x0000000085300000, 0x0000000085300000| Complete 
|  68|0x0000000085400000, 0x0000000085500000, 0x0000000085500000|100%| E|CS|TAMS 0x0000000085400000, 0x0000000085400000| Complete 
|  69|0x0000000085500000, 0x0000000085600000, 0x0000000085600000|100%| E|CS|TAMS 0x0000000085500000, 0x0000000085500000| Complete 
|  70|0x0000000085600000, 0x0000000085700000, 0x0000000085700000|100%| E|CS|TAMS 0x0000000085600000, 0x0000000085600000| Complete 
|  71|0x0000000085700000, 0x0000000085800000, 0x0000000085800000|100%| E|CS|TAMS 0x0000000085700000, 0x0000000085700000| Complete 
|  72|0x0000000085800000, 0x0000000085900000, 0x0000000085900000|100%| E|CS|TAMS 0x0000000085800000, 0x0000000085800000| Complete 
|  73|0x0000000085900000, 0x0000000085a00000, 0x0000000085a00000|100%| E|CS|TAMS 0x0000000085900000, 0x0000000085900000| Complete 
|  74|0x0000000085a00000, 0x0000000085b00000, 0x0000000085b00000|100%| E|CS|TAMS 0x0000000085a00000, 0x0000000085a00000| Complete 
|  75|0x0000000085b00000, 0x0000000085c00000, 0x0000000085c00000|100%| E|CS|TAMS 0x0000000085b00000, 0x0000000085b00000| Complete 
| 127|0x0000000088f00000, 0x0000000089000000, 0x0000000089000000|100%| E|CS|TAMS 0x0000000088f00000, 0x0000000088f00000| Complete 

Card table byte_map: [0x00000293e4ce0000,0x00000293e50e0000] _byte_map_base: 0x00000293e48d8000

Marking Bits (Prev, Next): (CMBitMap*) 0x00000293cde5a760, (CMBitMap*) 0x00000293cde5a720
 Prev Bits: [0x00000293e74a0000, 0x00000293e9460000)
 Next Bits: [0x00000293e54e0000, 0x00000293e74a0000)

Polling page: 0x00000293cbfc0000

Metaspace:

Usage:
  Non-class:     57.04 MB used.
      Class:      8.18 MB used.
       Both:     65.22 MB used.

Virtual space:
  Non-class space:       64.00 MB reserved,      57.25 MB ( 89%) committed,  8 nodes.
      Class space:        1.00 GB reserved,       8.44 MB ( <1%) committed,  1 nodes.
             Both:        1.06 GB reserved,      65.69 MB (  6%) committed. 

Chunk freelists:
   Non-Class:  2.55 MB
       Class:  3.52 MB
        Both:  6.06 MB

MaxMetaspaceSize: unlimited
CompressedClassSpaceSize: 1.00 GB
Initial GC threshold: 21.00 MB
Current GC threshold: 109.38 MB
CDS: on
MetaspaceReclaimPolicy: balanced
 - commit_granule_bytes: 65536.
 - commit_granule_words: 8192.
 - virtual_space_node_default_size: 1048576.
 - enlarge_chunks_in_place: 1.
 - new_chunks_are_fully_committed: 0.
 - uncommit_free_chunks: 1.
 - use_allocation_guard: 0.
 - handle_deallocations: 1.


Internal statistics:

num_allocs_failed_limit: 9.
num_arena_births: 692.
num_arena_deaths: 162.
num_vsnodes_births: 9.
num_vsnodes_deaths: 0.
num_space_committed: 1051.
num_space_uncommitted: 0.
num_chunks_returned_to_freelist: 189.
num_chunks_taken_from_freelist: 3181.
num_chunk_merges: 68.
num_chunk_splits: 2255.
num_chunks_enlarged: 1763.
num_purges: 2.
num_inconsistent_stats: 0.

CodeHeap 'non-profiled nmethods': size=120000Kb used=8878Kb max_used=8878Kb free=111121Kb
 bounds [0x00000293dd3b0000, 0x00000293ddc60000, 0x00000293e48e0000]
CodeHeap 'profiled nmethods': size=120000Kb used=18968Kb max_used=20371Kb free=101031Kb
 bounds [0x00000293d5e80000, 0x00000293d7270000, 0x00000293dd3b0000]
CodeHeap 'non-nmethods': size=5760Kb used=1360Kb max_used=1548Kb free=4399Kb
 bounds [0x00000293d58e0000, 0x00000293d5b50000, 0x00000293d5e80000]
 total_blobs=10290 nmethods=9588 adapters=613
 compilation: enabled
              stopped_count=0, restarted_count=0
 full_count=0

Compilation events (20 events):
Event: 3227.245 Thread 0x00000293eb8efe80 nmethod 11121 0x00000293ddc4a390 code [0x00000293ddc4a500, 0x00000293ddc4a5f8]
Event: 3227.286 Thread 0x00000293eb8efe80 11122       4       org.springframework.http.HttpHeaders::setContentType (59 bytes)
Event: 3227.318 Thread 0x00000293eb8efe80 nmethod 11122 0x00000293ddc4a710 code [0x00000293ddc4a980, 0x00000293ddc4c6f0]
Event: 3227.327 Thread 0x00000293eb8efe80 11123   !   4       jdk.proxy2.$Proxy114::annotationType (29 bytes)
Event: 3227.328 Thread 0x00000293eb8efe80 nmethod 11123 0x00000293ddc4d810 code [0x00000293ddc4d9a0, 0x00000293ddc4dae8]
Event: 3227.479 Thread 0x00000293eb8efe80 11124       4       org.springframework.http.MediaType::removeQualityValue (47 bytes)
Event: 3227.480 Thread 0x00000293eb8efe80 nmethod 11124 0x00000293ddc4dc90 code [0x00000293ddc4de00, 0x00000293ddc4deb8]
Event: 3227.480 Thread 0x00000293eb8efe80 11125   !   4       org.springframework.web.servlet.mvc.method.annotation.AbstractMessageConverterMethodProcessor::addContentDispositionHeader (199 bytes)
Event: 3227.514 Thread 0x00000293eb8efe80 nmethod 11125 0x00000293ddc4df90 code [0x00000293ddc4e220, 0x00000293ddc4fb80]
Event: 3227.515 Thread 0x00000293eb8efe80 11126       4       org.springframework.web.servlet.mvc.method.annotation.RequestResponseBodyAdviceChain::beforeBodyWrite (14 bytes)
Event: 3227.543 Thread 0x00000293eb8efe80 nmethod 11126 0x00000293ddc50e10 code [0x00000293ddc51020, 0x00000293ddc52318]
Event: 3227.543 Thread 0x00000293eb8efe80 11127       4       org.springframework.web.servlet.mvc.method.annotation.AbstractMessageConverterMethodProcessor::isResourceType (28 bytes)
Event: 3227.544 Thread 0x00000293eb8efe80 nmethod 11127 0x00000293ddc53210 code [0x00000293ddc533a0, 0x00000293ddc534d8]
Event: 3227.549 Thread 0x00000293eb8efe80 11128       4       org.springframework.web.accept.ContentNegotiationManager::resolveMediaTypes (61 bytes)
Event: 3227.599 Thread 0x00000293eb8efe80 nmethod 11128 0x00000293ddc53610 code [0x00000293ddc538e0, 0x00000293ddc553c0]
Event: 3227.609 Thread 0x00000293eb8efe80 11129       4       org.springframework.web.servlet.mvc.method.annotation.AbstractMessageConverterMethodProcessor::getAcceptableMediaTypes (16 bytes)
Event: 3227.614 Thread 0x00000293eb8efe80 nmethod 11129 0x00000293ddc57510 code [0x00000293ddc576c0, 0x00000293ddc57b68]
Event: 3227.658 Thread 0x00000293eb8efe80 11130       4       org.hibernate.internal.SessionImpl::close (55 bytes)
Event: 3227.688 Thread 0x00000293eb8efe80 nmethod 11130 0x00000293ddc57d90 code [0x00000293ddc581c0, 0x00000293ddc59a78]
Event: 3227.689 Thread 0x00000293eb8efe80 11131   !   4       org.hibernate.engine.transaction.internal.TransactionImpl::commit (54 bytes)

GC Heap History (20 events):
Event: 3212.745 GC heap before
{Heap before GC invocations=34 (full 0):
 garbage-first heap   total 65536K, used 54786K [0x0000000081000000, 0x0000000100000000)
  region size 1024K, 27 young (27648K), 1 survivors (1024K)
 Metaspace       used 66779K, committed 67264K, reserved 1114112K
  class space    used 8371K, committed 8640K, reserved 1048576K
}
Event: 3212.748 GC heap after
{Heap after GC invocations=35 (full 0):
 garbage-first heap   total 65536K, used 28192K [0x0000000081000000, 0x0000000100000000)
  region size 1024K, 1 young (1024K), 1 survivors (1024K)
 Metaspace       used 66779K, committed 67264K, reserved 1114112K
  class space    used 8371K, committed 8640K, reserved 1048576K
}
Event: 3214.161 GC heap before
{Heap before GC invocations=36 (full 0):
 garbage-first heap   total 65536K, used 55840K [0x0000000081000000, 0x0000000100000000)
  region size 1024K, 28 young (28672K), 1 survivors (1024K)
 Metaspace       used 66779K, committed 67264K, reserved 1114112K
  class space    used 8372K, committed 8640K, reserved 1048576K
}
Event: 3214.163 GC heap after
{Heap after GC invocations=37 (full 0):
 garbage-first heap   total 65536K, used 28178K [0x0000000081000000, 0x0000000100000000)
  region size 1024K, 1 young (1024K), 1 survivors (1024K)
 Metaspace       used 66779K, committed 67264K, reserved 1114112K
  class space    used 8372K, committed 8640K, reserved 1048576K
}
Event: 3214.301 GC heap before
{Heap before GC invocations=37 (full 0):
 garbage-first heap   total 65536K, used 30226K [0x0000000081000000, 0x0000000100000000)
  region size 1024K, 3 young (3072K), 1 survivors (1024K)
 Metaspace       used 66779K, committed 67264K, reserved 1114112K
  class space    used 8372K, committed 8640K, reserved 1048576K
}
Event: 3214.303 GC heap after
{Heap after GC invocations=38 (full 0):
 garbage-first heap   total 65536K, used 27981K [0x0000000081000000, 0x0000000100000000)
  region size 1024K, 1 young (1024K), 1 survivors (1024K)
 Metaspace       used 66779K, committed 67264K, reserved 1114112K
  class space    used 8372K, committed 8640K, reserved 1048576K
}
Event: 3215.979 GC heap before
{Heap before GC invocations=38 (full 0):
 garbage-first heap   total 65536K, used 56653K [0x0000000081000000, 0x0000000100000000)
  region size 1024K, 29 young (29696K), 1 survivors (1024K)
 Metaspace       used 66779K, committed 67264K, reserved 1114112K
  class space    used 8372K, committed 8640K, reserved 1048576K
}
Event: 3215.981 GC heap after
{Heap after GC invocations=39 (full 0):
 garbage-first heap   total 78848K, used 27995K [0x0000000081000000, 0x0000000100000000)
  region size 1024K, 1 young (1024K), 1 survivors (1024K)
 Metaspace       used 66779K, committed 67264K, reserved 1114112K
  class space    used 8372K, committed 8640K, reserved 1048576K
}
Event: 3219.191 GC heap before
{Heap before GC invocations=39 (full 0):
 garbage-first heap   total 78848K, used 68955K [0x0000000081000000, 0x0000000100000000)
  region size 1024K, 41 young (41984K), 1 survivors (1024K)
 Metaspace       used 66779K, committed 67264K, reserved 1114112K
  class space    used 8372K, committed 8640K, reserved 1048576K
}
Event: 3219.193 GC heap after
{Heap after GC invocations=40 (full 0):
 garbage-first heap   total 78848K, used 28006K [0x0000000081000000, 0x0000000100000000)
  region size 1024K, 1 young (1024K), 1 survivors (1024K)
 Metaspace       used 66779K, committed 67264K, reserved 1114112K
  class space    used 8372K, committed 8640K, reserved 1048576K
}
Event: 3220.727 GC heap before
{Heap before GC invocations=40 (full 0):
 garbage-first heap   total 78848K, used 68966K [0x0000000081000000, 0x0000000100000000)
  region size 1024K, 41 young (41984K), 1 survivors (1024K)
 Metaspace       used 66779K, committed 67264K, reserved 1114112K
  class space    used 8372K, committed 8640K, reserved 1048576K
}
Event: 3220.729 GC heap after
{Heap after GC invocations=41 (full 0):
 garbage-first heap   total 78848K, used 28007K [0x0000000081000000, 0x0000000100000000)
  region size 1024K, 1 young (1024K), 1 survivors (1024K)
 Metaspace       used 66779K, committed 67264K, reserved 1114112K
  class space    used 8372K, committed 8640K, reserved 1048576K
}
Event: 3222.281 GC heap before
{Heap before GC invocations=42 (full 0):
 garbage-first heap   total 78848K, used 67943K [0x0000000081000000, 0x0000000100000000)
  region size 1024K, 40 young (40960K), 1 survivors (1024K)
 Metaspace       used 66779K, committed 67264K, reserved 1114112K
  class space    used 8372K, committed 8640K, reserved 1048576K
}
Event: 3222.283 GC heap after
{Heap after GC invocations=43 (full 0):
 garbage-first heap   total 78848K, used 27999K [0x0000000081000000, 0x0000000100000000)
  region size 1024K, 1 young (1024K), 1 survivors (1024K)
 Metaspace       used 66779K, committed 67264K, reserved 1114112K
  class space    used 8372K, committed 8640K, reserved 1048576K
}
Event: 3222.426 GC heap before
{Heap before GC invocations=43 (full 0):
 garbage-first heap   total 78848K, used 30047K [0x0000000081000000, 0x0000000100000000)
  region size 1024K, 3 young (3072K), 1 survivors (1024K)
 Metaspace       used 66779K, committed 67264K, reserved 1114112K
  class space    used 8372K, committed 8640K, reserved 1048576K
}
Event: 3222.428 GC heap after
{Heap after GC invocations=44 (full 0):
 garbage-first heap   total 78848K, used 27788K [0x0000000081000000, 0x0000000100000000)
  region size 1024K, 1 young (1024K), 1 survivors (1024K)
 Metaspace       used 66779K, committed 67264K, reserved 1114112K
  class space    used 8372K, committed 8640K, reserved 1048576K
}
Event: 3224.672 GC heap before
{Heap before GC invocations=44 (full 0):
 garbage-first heap   total 78848K, used 68748K [0x0000000081000000, 0x0000000100000000)
  region size 1024K, 41 young (41984K), 1 survivors (1024K)
 Metaspace       used 66779K, committed 67264K, reserved 1114112K
  class space    used 8372K, committed 8640K, reserved 1048576K
}
Event: 3224.674 GC heap after
{Heap after GC invocations=45 (full 0):
 garbage-first heap   total 78848K, used 27778K [0x0000000081000000, 0x0000000100000000)
  region size 1024K, 1 young (1024K), 1 survivors (1024K)
 Metaspace       used 66779K, committed 67264K, reserved 1114112K
  class space    used 8372K, committed 8640K, reserved 1048576K
}
Event: 3226.552 GC heap before
{Heap before GC invocations=45 (full 0):
 garbage-first heap   total 78848K, used 68738K [0x0000000081000000, 0x0000000100000000)
  region size 1024K, 41 young (41984K), 1 survivors (1024K)
 Metaspace       used 66781K, committed 67264K, reserved 1114112K
  class space    used 8372K, committed 8640K, reserved 1048576K
}
Event: 3226.553 GC heap after
{Heap after GC invocations=46 (full 0):
 garbage-first heap   total 78848K, used 27797K [0x0000000081000000, 0x0000000100000000)
  region size 1024K, 1 young (1024K), 1 survivors (1024K)
 Metaspace       used 66781K, committed 67264K, reserved 1114112K
  class space    used 8372K, committed 8640K, reserved 1048576K
}

Deoptimization events (20 events):
Event: 3220.217 Thread 0x00000293f13443c0 Uncommon trap: trap_request=0xffffffbe fr.pc=0x00000293ddbc6b44 relative=0x0000000000000744
Event: 3220.217 Thread 0x00000293f13443c0 Uncommon trap: reason=profile_predicate action=maybe_recompile pc=0x00000293ddbc6b44 method=ch.qos.logback.classic.pattern.TargetLengthBasedClassNameAbbreviator.computeLengthArray(Ljava/lang/String;[I[II)V @ 18 c2
Event: 3220.217 Thread 0x00000293f13443c0 DEOPT PACKING pc=0x00000293ddbc6b44 sp=0x000000b8cd8fc7e0
Event: 3220.217 Thread 0x00000293f13443c0 DEOPT UNPACKING pc=0x00000293d59323a3 sp=0x000000b8cd8fc6f0 mode 2
Event: 3220.372 Thread 0x00000293f13490c0 Uncommon trap: trap_request=0xffffffbe fr.pc=0x00000293ddbcb3c0 relative=0x0000000000000ec0
Event: 3220.372 Thread 0x00000293f13490c0 Uncommon trap: reason=profile_predicate action=maybe_recompile pc=0x00000293ddbcb3c0 method=ch.qos.logback.classic.pattern.TargetLengthBasedClassNameAbbreviator.abbreviate(Ljava/lang/String;)Ljava/lang/String; @ 86 c2
Event: 3220.372 Thread 0x00000293f13490c0 DEOPT PACKING pc=0x00000293ddbcb3c0 sp=0x000000b8cd9fcdb0
Event: 3220.372 Thread 0x00000293f13490c0 DEOPT UNPACKING pc=0x00000293d59323a3 sp=0x000000b8cd9fcd68 mode 2
Event: 3220.380 Thread 0x00000293f13473e0 Uncommon trap: trap_request=0xffffffbe fr.pc=0x00000293ddbcb3c0 relative=0x0000000000000ec0
Event: 3220.380 Thread 0x00000293f13473e0 Uncommon trap: reason=profile_predicate action=maybe_recompile pc=0x00000293ddbcb3c0 method=ch.qos.logback.classic.pattern.TargetLengthBasedClassNameAbbreviator.abbreviate(Ljava/lang/String;)Ljava/lang/String; @ 86 c2
Event: 3220.380 Thread 0x00000293f13473e0 DEOPT PACKING pc=0x00000293ddbcb3c0 sp=0x000000b8cd7fcb60
Event: 3220.380 Thread 0x00000293f13473e0 DEOPT UNPACKING pc=0x00000293d59323a3 sp=0x000000b8cd7fcb18 mode 2
Event: 3220.382 Thread 0x00000293f13473e0 Uncommon trap: trap_request=0xffffffbe fr.pc=0x00000293ddbcb3c0 relative=0x0000000000000ec0
Event: 3220.382 Thread 0x00000293f13473e0 Uncommon trap: reason=profile_predicate action=maybe_recompile pc=0x00000293ddbcb3c0 method=ch.qos.logback.classic.pattern.TargetLengthBasedClassNameAbbreviator.abbreviate(Ljava/lang/String;)Ljava/lang/String; @ 86 c2
Event: 3220.382 Thread 0x00000293f13473e0 DEOPT PACKING pc=0x00000293ddbcb3c0 sp=0x000000b8cd7fcb60
Event: 3220.382 Thread 0x00000293f13473e0 DEOPT UNPACKING pc=0x00000293d59323a3 sp=0x000000b8cd7fcb18 mode 2
Event: 3220.383 Thread 0x00000293f1347d80 Uncommon trap: trap_request=0xffffffbe fr.pc=0x00000293ddbcb3c0 relative=0x0000000000000ec0
Event: 3220.383 Thread 0x00000293f1347d80 Uncommon trap: reason=profile_predicate action=maybe_recompile pc=0x00000293ddbcb3c0 method=ch.qos.logback.classic.pattern.TargetLengthBasedClassNameAbbreviator.abbreviate(Ljava/lang/String;)Ljava/lang/String; @ 86 c2
Event: 3220.383 Thread 0x00000293f1347d80 DEOPT PACKING pc=0x00000293ddbcb3c0 sp=0x000000b8cd4fc6c0
Event: 3220.383 Thread 0x00000293f1347d80 DEOPT UNPACKING pc=0x00000293d59323a3 sp=0x000000b8cd4fc678 mode 2

Classes unloaded (20 events):
Event: 3198.508 Thread 0x00000293eb8c7210 Unloading class 0x0000000800e80800 'jdk/internal/reflect/GeneratedConstructorAccessor11'
Event: 3198.508 Thread 0x00000293eb8c7210 Unloading class 0x0000000800e80400 'jdk/internal/reflect/GeneratedConstructorAccessor10'
Event: 3198.508 Thread 0x00000293eb8c7210 Unloading class 0x0000000800e80000 'jdk/internal/reflect/GeneratedConstructorAccessor9'
Event: 3198.508 Thread 0x00000293eb8c7210 Unloading class 0x0000000800e74000 'jdk/internal/reflect/GeneratedConstructorAccessor8'
Event: 3198.508 Thread 0x00000293eb8c7210 Unloading class 0x0000000800e68400 'java/lang/invoke/LambdaForm$DMH+0x0000000800e68400'
Event: 3198.508 Thread 0x00000293eb8c7210 Unloading class 0x0000000800dee800 'java/lang/invoke/LambdaForm$MH+0x0000000800dee800'
Event: 3198.508 Thread 0x00000293eb8c7210 Unloading class 0x0000000800dee400 'java/lang/invoke/LambdaForm$MH+0x0000000800dee400'
Event: 3198.508 Thread 0x00000293eb8c7210 Unloading class 0x0000000800dee000 'java/lang/invoke/LambdaForm$MH+0x0000000800dee000'
Event: 3198.508 Thread 0x00000293eb8c7210 Unloading class 0x0000000800dedc00 'java/lang/invoke/LambdaForm$MH+0x0000000800dedc00'
Event: 3198.508 Thread 0x00000293eb8c7210 Unloading class 0x0000000800ded400 'java/lang/invoke/LambdaForm$MH+0x0000000800ded400'
Event: 3198.508 Thread 0x00000293eb8c7210 Unloading class 0x0000000800ded000 'java/lang/invoke/LambdaForm$MH+0x0000000800ded000'
Event: 3198.508 Thread 0x00000293eb8c7210 Unloading class 0x0000000800decc00 'java/lang/invoke/LambdaForm$MH+0x0000000800decc00'
Event: 3198.508 Thread 0x00000293eb8c7210 Unloading class 0x0000000800dec800 'java/lang/invoke/LambdaForm$MH+0x0000000800dec800'
Event: 3198.508 Thread 0x00000293eb8c7210 Unloading class 0x0000000800d70c00 'jdk/internal/reflect/GeneratedConstructorAccessor4'
Event: 3198.508 Thread 0x00000293eb8c7210 Unloading class 0x0000000800d0b000 'java/lang/invoke/LambdaForm$MH+0x0000000800d0b000'
Event: 3198.508 Thread 0x00000293eb8c7210 Unloading class 0x0000000800d0a800 'java/lang/invoke/LambdaForm$MH+0x0000000800d0a800'
Event: 3198.508 Thread 0x00000293eb8c7210 Unloading class 0x0000000800d0a400 'java/lang/invoke/LambdaForm$MH+0x0000000800d0a400'
Event: 3198.508 Thread 0x00000293eb8c7210 Unloading class 0x0000000800d0a000 'java/lang/invoke/LambdaForm$MH+0x0000000800d0a000'
Event: 3198.508 Thread 0x00000293eb8c7210 Unloading class 0x0000000800d09800 'java/lang/invoke/LambdaForm$MH+0x0000000800d09800'
Event: 3198.508 Thread 0x00000293eb8c7210 Unloading class 0x0000000800d09000 'java/lang/invoke/LambdaForm$MH+0x0000000800d09000'

Classes redefined (0 events):
No events

Internal exceptions (20 events):
Event: 8.053 Thread 0x00000293cde1eb90 Exception <a 'java/lang/ClassNotFoundException'{0x0000000084387180}: java/lang/ObjectCustomizer> (0x0000000084387180) 
thrown [e:\jenkins\tmp\workspace\build\src\src\hotspot\share\classfile\systemDictionary.cpp, line 256]
Event: 8.053 Thread 0x00000293cde1eb90 Exception <a 'java/lang/ClassNotFoundException'{0x000000008438da30}: com/example/finalProject/model/InvoiceCustomizer> (0x000000008438da30) 
thrown [e:\jenkins\tmp\workspace\build\src\src\hotspot\share\classfile\systemDictionary.cpp, line 256]
Event: 8.439 Thread 0x00000293f13478b0 Exception <a 'java/lang/NoSuchMethodError'{0x00000000836a1848}: 'java.lang.Object java.lang.invoke.DirectMethodHandle$Holder.invokeStaticInit(java.lang.Object, java.lang.Object, java.lang.Object, java.lang.Object, java.lang.Object, java.lang.Object)'> (0x00000000836a1848) 
thrown [e:\jenkins\tmp\workspace\build\src\src\hotspot\share\interpreter\linkResolver.cpp, line 766]
Event: 8.499 Thread 0x00000293f1348250 Implicit null exception at 0x00000293dd51776b to 0x00000293dd5179d8
Event: 366.284 Thread 0x00000293f1347d80 Exception <a 'java/lang/NoSuchMethodError'{0x00000000848e5530}: 'java.lang.Object java.lang.invoke.DirectMethodHandle$Holder.newInvokeSpecial(java.lang.Object, java.lang.Object, java.lang.Object, java.lang.Object, java.lang.Object, java.lang.Object, java.lang.Object)'> (0x00000000848e5530) 
thrown [e:\jenkins\tmp\workspace\build\src\src\hotspot\share\interpreter\linkResolver.cpp, line 766]
Event: 366.285 Thread 0x00000293f1347d80 Exception <a 'java/lang/NoSuchMethodError'{0x00000000848ea0a0}: 'java.lang.Object java.lang.invoke.Invokers$Holder.linkToTargetMethod(java.lang.Object, java.lang.Object, java.lang.Object, java.lang.Object, java.lang.Object, java.lang.Object, java.lang.Object)'> (0x00000000848ea0a0) 
thrown [e:\jenkins\tmp\workspace\build\src\src\hotspot\share\interpreter\linkResolver.cpp, line 766]
Event: 366.306 Thread 0x00000293f1347d80 Exception <a 'java/lang/NoSuchMethodError'{0x00000000847c6338}: 'java.lang.Object java.lang.invoke.DirectMethodHandle$Holder.invokeSpecial(java.lang.Object, java.lang.Object, long, java.lang.Object, java.lang.Object, java.lang.Object, java.lang.Object, java.lang.Object, java.lang.Object, java.lang.Object, java.lang.Object)'> (0x00000000847c6338) 
thrown [e:\jenkins\tmp\workspace\build\src\src\hotspot\share\interpreter\linkResolver.cpp, line 766]
Event: 366.306 Thread 0x00000293f1347d80 Exception <a 'java/lang/NoSuchMethodError'{0x00000000847cabb8}: 'java.lang.Object java.lang.invoke.DelegatingMethodHandle$Holder.reinvoke_L(java.lang.Object, long, java.lang.Object, java.lang.Object, java.lang.Object, java.lang.Object, java.lang.Object, java.lang.Object, java.lang.Object, java.lang.Object)'> (0x00000000847cabb8) 
thrown [e:\jenkins\tmp\workspace\build\src\src\hotspot\share\interpreter\linkResolver.cpp, line 766]
Event: 366.308 Thread 0x00000293f1347d80 Exception <a 'java/lang/NoSuchMethodError'{0x00000000847edaa0}: 'java.lang.Object java.lang.invoke.DirectMethodHandle$Holder.invokeSpecial(java.lang.Object, java.lang.Object, java.lang.Object, java.lang.Object, java.lang.Object, java.lang.Object, java.lang.Object, java.lang.Object, java.lang.Object, java.lang.Object)'> (0x00000000847edaa0) 
thrown [e:\jenkins\tmp\workspace\build\src\src\hotspot\share\interpreter\linkResolver.cpp, line 766]
Event: 366.308 Thread 0x00000293f1347d80 Exception <a 'java/lang/NoSuchMethodError'{0x00000000847f22c8}: 'java.lang.Object java.lang.invoke.Invokers$Holder.linkToTargetMethod(java.lang.Object, java.lang.Object, java.lang.Object, java.lang.Object, java.lang.Object, java.lang.Object, java.lang.Object, java.lang.Object, java.lang.Object)'> (0x00000000847f22c8) 
thrown [e:\jenkins\tmp\workspace\build\src\src\hotspot\share\interpreter\linkResolver.cpp, line 766]
Event: 366.316 Thread 0x00000293f1347d80 Exception <a 'java/lang/ClassNotFoundException'{0x0000000084624fe8}: java/lang/ObjectCustomizer> (0x0000000084624fe8) 
thrown [e:\jenkins\tmp\workspace\build\src\src\hotspot\share\classfile\systemDictionary.cpp, line 256]
Event: 366.318 Thread 0x00000293f1347d80 Exception <a 'java/lang/ClassNotFoundException'{0x000000008462ea48}: com/example/finalProject/model/ProductCustomizer> (0x000000008462ea48) 
thrown [e:\jenkins\tmp\workspace\build\src\src\hotspot\share\classfile\systemDictionary.cpp, line 256]
Event: 369.563 Thread 0x00000293f1345700 Exception <a 'java/lang/NoSuchMethodError'{0x00000000845521c8}: 'java.lang.Object java.lang.invoke.DirectMethodHandle$Holder.invokeSpecial(java.lang.Object, java.lang.Object, long, java.lang.Object, java.lang.Object, java.lang.Object, java.lang.Object, java.lang.Object, java.lang.Object)'> (0x00000000845521c8) 
thrown [e:\jenkins\tmp\workspace\build\src\src\hotspot\share\interpreter\linkResolver.cpp, line 766]
Event: 369.564 Thread 0x00000293f1345700 Exception <a 'java/lang/NoSuchMethodError'{0x0000000084556ca8}: 'java.lang.Object java.lang.invoke.DelegatingMethodHandle$Holder.reinvoke_L(java.lang.Object, long, java.lang.Object, java.lang.Object, java.lang.Object, java.lang.Object, java.lang.Object, java.lang.Object)'> (0x0000000084556ca8) 
thrown [e:\jenkins\tmp\workspace\build\src\src\hotspot\share\interpreter\linkResolver.cpp, line 766]
Event: 369.567 Thread 0x00000293f1345700 Exception <a 'java/lang/NoSuchMethodError'{0x00000000845a7158}: 'java.lang.Object java.lang.invoke.DirectMethodHandle$Holder.invokeSpecial(java.lang.Object, java.lang.Object, long, java.lang.Object, java.lang.Object, java.lang.Object, java.lang.Object, java.lang.Object, java.lang.Object, java.lang.Object)'> (0x00000000845a7158) 
thrown [e:\jenkins\tmp\workspace\build\src\src\hotspot\share\interpreter\linkResolver.cpp, line 766]
Event: 369.567 Thread 0x00000293f1345700 Exception <a 'java/lang/NoSuchMethodError'{0x00000000845ac4d8}: 'java.lang.Object java.lang.invoke.DelegatingMethodHandle$Holder.reinvoke_L(java.lang.Object, long, java.lang.Object, java.lang.Object, java.lang.Object, java.lang.Object, java.lang.Object, java.lang.Object, java.lang.Object)'> (0x00000000845ac4d8) 
thrown [e:\jenkins\tmp\workspace\build\src\src\hotspot\share\interpreter\linkResolver.cpp, line 766]
Event: 369.568 Thread 0x00000293f1345700 Exception <a 'java/lang/NoSuchMethodError'{0x00000000845c44d0}: 'java.lang.Object java.lang.invoke.DirectMethodHandle$Holder.invokeSpecial(java.lang.Object, java.lang.Object, java.lang.Object, java.lang.Object, java.lang.Object, java.lang.Object, java.lang.Object, java.lang.Object, java.lang.Object)'> (0x00000000845c44d0) 
thrown [e:\jenkins\tmp\workspace\build\src\src\hotspot\share\interpreter\linkResolver.cpp, line 766]
Event: 369.568 Thread 0x00000293f1345700 Exception <a 'java/lang/NoSuchMethodError'{0x00000000845c9040}: 'java.lang.Object java.lang.invoke.Invokers$Holder.linkToTargetMethod(java.lang.Object, java.lang.Object, java.lang.Object, java.lang.Object, java.lang.Object, java.lang.Object, java.lang.Object, java.lang.Object)'> (0x00000000845c9040) 
thrown [e:\jenkins\tmp\workspace\build\src\src\hotspot\share\interpreter\linkResolver.cpp, line 766]
Event: 3200.381 Thread 0x00000293f1348250 Implicit null exception at 0x00000293dd5fc791 to 0x00000293dd602630
Event: 3206.864 Thread 0x00000293f13490c0 Implicit null exception at 0x00000293dd8a220b to 0x00000293dd8a3f38

VM Operations (20 events):
Event: 3220.766 Executing VM operation: G1Concurrent
Event: 3220.773 Executing VM operation: G1Concurrent done
Event: 3220.792 Executing VM operation: G1Concurrent
Event: 3220.792 Executing VM operation: G1Concurrent done
Event: 3221.805 Executing VM operation: Cleanup
Event: 3221.805 Executing VM operation: Cleanup done
Event: 3222.281 Executing VM operation: G1CollectForAllocation
Event: 3222.283 Executing VM operation: G1CollectForAllocation done
Event: 3222.426 Executing VM operation: G1CollectForAllocation
Event: 3222.428 Executing VM operation: G1CollectForAllocation done
Event: 3224.443 Executing VM operation: Cleanup
Event: 3224.444 Executing VM operation: Cleanup done
Event: 3224.672 Executing VM operation: G1CollectForAllocation
Event: 3224.674 Executing VM operation: G1CollectForAllocation done
Event: 3225.678 Executing VM operation: Cleanup
Event: 3225.678 Executing VM operation: Cleanup done
Event: 3226.552 Executing VM operation: G1CollectForAllocation
Event: 3226.554 Executing VM operation: G1CollectForAllocation done
Event: 3227.558 Executing VM operation: Cleanup
Event: 3227.558 Executing VM operation: Cleanup done

Events (20 events):
Event: 3207.368 loading class jdk/internal/misc/ScopedMemoryAccess$Scope$Handle
Event: 3207.369 loading class jdk/internal/misc/ScopedMemoryAccess$Scope$Handle done
Event: 3208.777 Thread 0x00000293ecc17720 Thread exited: 0x00000293ecc17720
Event: 3210.412 Thread 0x00000293ecc17720 Thread added: 0x00000293ecc17720
Event: 3210.896 Thread 0x00000293eb8fb6b0 flushing nmethod 0x00000293d6879e90
Event: 3210.896 Thread 0x00000293eb8fb6b0 flushing nmethod 0x00000293d69bf410
Event: 3210.896 Thread 0x00000293eb8fb6b0 flushing nmethod 0x00000293d69c6510
Event: 3210.896 Thread 0x00000293eb8fb6b0 flushing nmethod 0x00000293d69d2f10
Event: 3210.896 Thread 0x00000293eb8fb6b0 flushing nmethod 0x00000293d69db510
Event: 3210.897 Thread 0x00000293eb8fb6b0 flushing nmethod 0x00000293d69f8f10
Event: 3210.897 Thread 0x00000293eb8fb6b0 flushing nmethod 0x00000293d6a7de10
Event: 3210.897 Thread 0x00000293eb8fb6b0 flushing nmethod 0x00000293d6ae6c10
Event: 3210.897 Thread 0x00000293eb8fb6b0 flushing nmethod 0x00000293d6ae7290
Event: 3210.897 Thread 0x00000293eb8fb6b0 flushing nmethod 0x00000293d6baf510
Event: 3210.898 Thread 0x00000293eb8fb6b0 flushing nmethod 0x00000293d6c08e10
Event: 3210.898 Thread 0x00000293eb8fb6b0 flushing nmethod 0x00000293d6c09910
Event: 3210.898 Thread 0x00000293eb8fb6b0 flushing nmethod 0x00000293d6c89c10
Event: 3211.495 Thread 0x00000293ecc17720 Thread exited: 0x00000293ecc17720
Event: 3222.868 Thread 0x00000293ecc17720 Thread added: 0x00000293ecc17720
Event: 3224.206 Thread 0x00000293ecc17720 Thread exited: 0x00000293ecc17720


Dynamic libraries:
0x00007ff693400000 - 0x00007ff69340e000 	C:\Program Files\Eclipse Foundation\jdk-17.0.0.35-hotspot\bin\java.exe
0x00007ffdf6ab0000 - 0x00007ffdf6ca8000 	C:\Windows\SYSTEM32\ntdll.dll
0x00007ffdf5670000 - 0x00007ffdf572d000 	C:\Windows\System32\KERNEL32.DLL
0x00007ffdf46c0000 - 0x00007ffdf498f000 	C:\Windows\System32\KERNELBASE.dll
0x00007ffdf4360000 - 0x00007ffdf4460000 	C:\Windows\System32\ucrtbase.dll
0x00007ffdef530000 - 0x00007ffdef548000 	C:\Program Files\Eclipse Foundation\jdk-17.0.0.35-hotspot\bin\jli.dll
0x00007ffdf5150000 - 0x00007ffdf52f0000 	C:\Windows\System32\USER32.dll
0x00007ffdf4990000 - 0x00007ffdf49b2000 	C:\Windows\System32\win32u.dll
0x00007ffdf6730000 - 0x00007ffdf675a000 	C:\Windows\System32\GDI32.dll
0x00007ffdf4520000 - 0x00007ffdf462b000 	C:\Windows\System32\gdi32full.dll
0x00007ffdf49c0000 - 0x00007ffdf4a5d000 	C:\Windows\System32\msvcp_win.dll
0x00007ffde47e0000 - 0x00007ffde4a7a000 	C:\Windows\WinSxS\amd64_microsoft.windows.common-controls_6595b64144ccf1df_6.0.19041.1110_none_60b5254171f9507e\COMCTL32.dll
0x00007ffdf55d0000 - 0x00007ffdf566e000 	C:\Windows\System32\msvcrt.dll
0x00007ffdd7d60000 - 0x00007ffdd7d79000 	C:\Program Files\Eclipse Foundation\jdk-17.0.0.35-hotspot\bin\VCRUNTIME140.dll
0x00007ffdf50c0000 - 0x00007ffdf50f0000 	C:\Windows\System32\IMM32.DLL
0x00007ffdef8d0000 - 0x00007ffdef8dc000 	C:\Program Files\Eclipse Foundation\jdk-17.0.0.35-hotspot\bin\vcruntime140_1.dll
0x00007ffdd2520000 - 0x00007ffdd25b1000 	C:\Program Files\Eclipse Foundation\jdk-17.0.0.35-hotspot\bin\msvcp140.dll
0x00007ffdaee20000 - 0x00007ffdafa66000 	C:\Program Files\Eclipse Foundation\jdk-17.0.0.35-hotspot\bin\server\jvm.dll
0x00007ffdf5520000 - 0x00007ffdf55ce000 	C:\Windows\System32\ADVAPI32.dll
0x00007ffdf64a0000 - 0x00007ffdf653c000 	C:\Windows\System32\sechost.dll
0x00007ffdf4c20000 - 0x00007ffdf4d45000 	C:\Windows\System32\RPCRT4.dll
0x00007ffdf4d50000 - 0x00007ffdf4d58000 	C:\Windows\System32\PSAPI.DLL
0x00007ffdefef0000 - 0x00007ffdefef9000 	C:\Windows\SYSTEM32\WSOCK32.dll
0x00007ffdf66c0000 - 0x00007ffdf672b000 	C:\Windows\System32\WS2_32.dll
0x00007ffdeacd0000 - 0x00007ffdeacf7000 	C:\Windows\SYSTEM32\WINMM.dll
0x00007ffdeeed0000 - 0x00007ffdeeeda000 	C:\Windows\SYSTEM32\VERSION.dll
0x00007ffdf20f0000 - 0x00007ffdf2102000 	C:\Windows\SYSTEM32\kernel.appcore.dll
0x00007ffdef260000 - 0x00007ffdef26a000 	C:\Program Files\Eclipse Foundation\jdk-17.0.0.35-hotspot\bin\jimage.dll
0x00007ffdee220000 - 0x00007ffdee404000 	C:\Windows\SYSTEM32\DBGHELP.DLL
0x00007ffde1650000 - 0x00007ffde167c000 	C:\Windows\SYSTEM32\dbgcore.DLL
0x00007ffdf4630000 - 0x00007ffdf46b2000 	C:\Windows\System32\bcryptPrimitives.dll
0x00007ffdeb940000 - 0x00007ffdeb94e000 	C:\Program Files\Eclipse Foundation\jdk-17.0.0.35-hotspot\bin\instrument.dll
0x00007ffdd24f0000 - 0x00007ffdd2515000 	C:\Program Files\Eclipse Foundation\jdk-17.0.0.35-hotspot\bin\java.dll
0x00007ffdcbee0000 - 0x00007ffdcbfb6000 	C:\Program Files\Eclipse Foundation\jdk-17.0.0.35-hotspot\bin\svml.dll
0x00007ffdf5d50000 - 0x00007ffdf6494000 	C:\Windows\System32\SHELL32.dll
0x00007ffdf22f0000 - 0x00007ffdf2a84000 	C:\Windows\SYSTEM32\windows.storage.dll
0x00007ffdf4d60000 - 0x00007ffdf50b4000 	C:\Windows\System32\combase.dll
0x00007ffdf3c30000 - 0x00007ffdf3c60000 	C:\Windows\SYSTEM32\Wldp.dll
0x00007ffdf52f0000 - 0x00007ffdf539d000 	C:\Windows\System32\SHCORE.dll
0x00007ffdf53a0000 - 0x00007ffdf53f5000 	C:\Windows\System32\shlwapi.dll
0x00007ffdf4110000 - 0x00007ffdf412f000 	C:\Windows\SYSTEM32\profapi.dll
0x00007ffdd7830000 - 0x00007ffdd7848000 	C:\Program Files\Eclipse Foundation\jdk-17.0.0.35-hotspot\bin\zip.dll
0x00007ffdd7bd0000 - 0x00007ffdd7be9000 	C:\Program Files\Eclipse Foundation\jdk-17.0.0.35-hotspot\bin\net.dll
0x00007ffdece20000 - 0x00007ffdecf2a000 	C:\Windows\SYSTEM32\WINHTTP.dll
0x00007ffdf3990000 - 0x00007ffdf39fa000 	C:\Windows\system32\mswsock.dll
0x00007ffdd7980000 - 0x00007ffdd7995000 	C:\Program Files\Eclipse Foundation\jdk-17.0.0.35-hotspot\bin\nio.dll
0x00007ffdd3db0000 - 0x00007ffdd3dca000 	C:\Program Files\JetBrains\IntelliJ IDEA Community Edition 2021.2.2\bin\breakgen64.dll
0x00007ffdd88c0000 - 0x00007ffdd88d0000 	C:\Program Files\Eclipse Foundation\jdk-17.0.0.35-hotspot\bin\verify.dll
0x00007ffdd7d50000 - 0x00007ffdd7d59000 	C:\Program Files\Eclipse Foundation\jdk-17.0.0.35-hotspot\bin\management.dll
0x00007ffdd76e0000 - 0x00007ffdd76eb000 	C:\Program Files\Eclipse Foundation\jdk-17.0.0.35-hotspot\bin\management_ext.dll
0x00007ffdd9fa0000 - 0x00007ffdd9fb7000 	C:\Windows\system32\napinsp.dll
0x00007ffdd9f80000 - 0x00007ffdd9f9b000 	C:\Windows\system32\pnrpnsp.dll
0x00007ffdd9f60000 - 0x00007ffdd9f75000 	C:\Windows\system32\wshbth.dll
0x00007ffdf0dc0000 - 0x00007ffdf0ddd000 	C:\Windows\system32\NLAapi.dll
0x00007ffdf3630000 - 0x00007ffdf366b000 	C:\Windows\SYSTEM32\IPHLPAPI.DLL
0x00007ffdf3670000 - 0x00007ffdf373a000 	C:\Windows\SYSTEM32\DNSAPI.dll
0x00007ffdf5740000 - 0x00007ffdf5748000 	C:\Windows\System32\NSI.dll
0x00007ffdd9f40000 - 0x00007ffdd9f52000 	C:\Windows\System32\winrnr.dll
0x00007ffdeb800000 - 0x00007ffdeb80a000 	C:\Windows\System32\rasadhlp.dll
0x00007ffdeb4a0000 - 0x00007ffdeb520000 	C:\Windows\System32\fwpuclnt.dll
0x00007ffdf41d0000 - 0x00007ffdf41f7000 	C:\Windows\System32\bcrypt.dll
0x00007ffdf3b80000 - 0x00007ffdf3b98000 	C:\Windows\SYSTEM32\CRYPTSP.dll
0x00007ffdf32a0000 - 0x00007ffdf32d4000 	C:\Windows\system32\rsaenh.dll
0x00007ffdf40d0000 - 0x00007ffdf40fe000 	C:\Windows\SYSTEM32\USERENV.dll
0x00007ffdf3ba0000 - 0x00007ffdf3bac000 	C:\Windows\SYSTEM32\CRYPTBASE.dll
0x00007ffdeeee0000 - 0x00007ffdeeef7000 	C:\Windows\SYSTEM32\dhcpcsvc6.DLL
0x00007ffdee100000 - 0x00007ffdee11d000 	C:\Windows\SYSTEM32\dhcpcsvc.DLL
0x00007ffdd5060000 - 0x00007ffdd506e000 	C:\Program Files\Eclipse Foundation\jdk-17.0.0.35-hotspot\bin\sunmscapi.dll
0x00007ffdf4200000 - 0x00007ffdf4356000 	C:\Windows\System32\CRYPT32.dll
0x00007ffdf3ca0000 - 0x00007ffdf3cc7000 	C:\Windows\SYSTEM32\ncrypt.dll
0x00007ffdf3c60000 - 0x00007ffdf3c9b000 	C:\Windows\SYSTEM32\NTASN1.dll
0x00007ffdd5050000 - 0x00007ffdd5057000 	C:\Windows\system32\wshunix.dll

dbghelp: loaded successfully - version: 4.0.5 - missing functions: none
symbol engine: initialized successfully - sym options: 0x614 - pdb path: .;C:\Program Files\Eclipse Foundation\jdk-17.0.0.35-hotspot\bin;C:\Windows\SYSTEM32;C:\Windows\WinSxS\amd64_microsoft.windows.common-controls_6595b64144ccf1df_6.0.19041.1110_none_60b5254171f9507e;C:\Program Files\Eclipse Foundation\jdk-17.0.0.35-hotspot\bin\server;C:\Program Files\JetBrains\IntelliJ IDEA Community Edition 2021.2.2\bin

VM Arguments:
jvm_args: -javaagent:C:\Program Files\JetBrains\IntelliJ IDEA Community Edition 2021.2.2\lib\idea_rt.jar=49334:C:\Program Files\JetBrains\IntelliJ IDEA Community Edition 2021.2.2\bin -Dfile.encoding=UTF-8 
java_command: com.example.finalProject.FinalProjectApplication
java_class_path (initial): C:\Users\Namai\Desktop\Andriaus\Java\Final Project\finalProject\target\classes;C:\Users\Namai\.m2\repository\org\springframework\boot\spring-boot-starter-data-jpa\2.7.1\spring-boot-starter-data-jpa-2.7.1.jar;C:\Users\Namai\.m2\repository\org\springframework\boot\spring-boot-starter-aop\2.7.1\spring-boot-starter-aop-2.7.1.jar;C:\Users\Namai\.m2\repository\org\springframework\spring-aop\5.3.21\spring-aop-5.3.21.jar;C:\Users\Namai\.m2\repository\org\aspectj\aspectjweaver\1.9.7\aspectjweaver-1.9.7.jar;C:\Users\Namai\.m2\repository\org\springframework\boot\spring-boot-starter-jdbc\2.7.1\spring-boot-starter-jdbc-2.7.1.jar;C:\Users\Namai\.m2\repository\com\zaxxer\HikariCP\4.0.3\HikariCP-4.0.3.jar;C:\Users\Namai\.m2\repository\org\springframework\spring-jdbc\5.3.21\spring-jdbc-5.3.21.jar;C:\Users\Namai\.m2\repository\jakarta\transaction\jakarta.transaction-api\1.3.3\jakarta.transaction-api-1.3.3.jar;C:\Users\Namai\.m2\repository\jakarta\persistence\jakarta.persistence-api\2.2.3\jakarta.persistence-api-2.2.3.jar;C:\Users\Namai\.m2\repository\org\hibernate\hibernate-core\5.6.9.Final\hibernate-core-5.6.9.Final.jar;C:\Users\Namai\.m2\repository\org\jboss\logging\jboss-logging\3.4.3.Final\jboss-logging-3.4.3.Final.jar;C:\Users\Namai\.m2\repository\net\bytebuddy\byte-buddy\1.12.11\byte-buddy-1.12.11.jar;C:\Users\Namai\.m2\repository\antlr\antlr\2.7.7\antlr-2.7.7.jar;C:\Users\Namai\.m2\repository\org\jboss\jandex\2.4.2.Final\jandex-2.4.2.Final.jar;C:\Users\Namai\.m2\repository\com\fasterxml\classmate\1.5.1\classmate-1.5.1.jar;C:\Users\Namai\.m2\repository\org\hibernate\common\hibernate-commons-annotations\5.1.2.Final\hibernate-commons-annotations-5.1.2.Final.jar;C:\Users\Namai\.m2\repository\org\glassfish\jaxb\jaxb-runtime\2.3.6\jaxb-runtime-2.3.6.jar;C:\Users\Namai\.m2\repository\org\glassfish\jaxb\txw2\2.3.6\txw2-2.3.6.jar;C:\Users\Namai\.m2\repository\com\sun\istack\istack-commons-runtime\3.0.12\istack-commons-runtime-3.0.12.jar;C:\Users\Namai\.m2\r
Launcher Type: SUN_STANDARD

[Global flags]
     intx CICompilerCount                          = 3                                         {product} {ergonomic}
     uint ConcGCThreads                            = 1                                         {product} {ergonomic}
     uint G1ConcRefinementThreads                  = 4                                         {product} {ergonomic}
   size_t G1HeapRegionSize                         = 1048576                                   {product} {ergonomic}
    uintx GCDrainStackTargetSize                   = 64                                        {product} {ergonomic}
   size_t InitialHeapSize                          = 134217728                                 {product} {ergonomic}
   size_t MarkStackSize                            = 4194304                                   {product} {ergonomic}
   size_t MaxHeapSize                              = 2130706432                                {product} {ergonomic}
   size_t MaxNewSize                               = 1278214144                                {product} {ergonomic}
   size_t MinHeapDeltaBytes                        = 1048576                                   {product} {ergonomic}
   size_t MinHeapSize                              = 8388608                                   {product} {ergonomic}
    uintx NonNMethodCodeHeapSize                   = 5832780                                {pd product} {ergonomic}
    uintx NonProfiledCodeHeapSize                  = 122912730                              {pd product} {ergonomic}
    uintx ProfiledCodeHeapSize                     = 122912730                              {pd product} {ergonomic}
    uintx ReservedCodeCacheSize                    = 251658240                              {pd product} {ergonomic}
     bool SegmentedCodeCache                       = true                                      {product} {ergonomic}
   size_t SoftMaxHeapSize                          = 2130706432                             {manageable} {ergonomic}
     bool UseCompressedClassPointers               = true                           {product lp64_product} {ergonomic}
     bool UseCompressedOops                        = true                           {product lp64_product} {ergonomic}
     bool UseG1GC                                  = true                                      {product} {ergonomic}
     bool UseLargePagesIndividualAllocation        = false                                  {pd product} {ergonomic}

Logging:
Log output configuration:
 #0: stdout all=warning uptime,level,tags
 #1: stderr all=off uptime,level,tags

Environment Variables:
JAVA_HOME=C:\Program Files\Eclipse Foundation\jdk-17.0.0.35-hotspot\
PATH=C:\Program Files (x86)\NVIDIA Corporation\PhysX\Common;C:\Program Files\Eclipse Foundation\jdk-17.0.0.35-hotspot\bin;C:\ProgramData\Oracle\Java\javapath;C:\Windows\system32;C:\Windows;C:\Windows\System32\Wbem;C:\Windows\System32\WindowsPowerShell\v1.0\;C:\Windows\System32\OpenSSH\;C:\Program Files\Git\cmd;C:\Program Files\nodejs\;C:\Program Files\MySQL\MySQL Shell 8.0\bin\;C:\Users\Namai\AppData\Local\Microsoft\WindowsApps;;C:\Users\Namai\AppData\Local\Programs\Microsoft VS Code\bin;C:\Users\Namai\AppData\Roaming\npm
USERNAME=Namai
OS=Windows_NT
PROCESSOR_IDENTIFIER=AMD64 Family 23 Model 1 Stepping 1, AuthenticAMD



---------------  S Y S T E M  ---------------

OS:
 Windows 10 , 64 bit Build 19041 (10.0.19041.1865)
OS uptime: 0 days 14:49 hours

CPU: total 4 (initial active 4) (4 cores per cpu, 1 threads per core) family 23 model 1 stepping 1 microcode 0x0, cx8, cmov, fxsr, mmx, 3dnowpref, sse, sse2, sse3, ssse3, sse4a, sse4.1, sse4.2, popcnt, lzcnt, tsc, tscinvbit, avx, avx2, aes, clmul, bmi1, bmi2, adx, sha, fma, vzeroupper, clflush, clflushopt

Memory: 4k page, system-wide physical 8123M (749M free)
TotalPageFile size 22115M (AvailPageFile size 4M)
current process WorkingSet (physical memory assigned to process): 258M, peak: 346M
current process commit charge ("private bytes"): 295M, peak: 379M

vm_info: OpenJDK 64-Bit Server VM (17+35) for windows-amd64 JRE (17+35), built on Sep 14 2021 17:27:39 by "" with MS VC++ 16.7 (VS2019)

END.
